2016-12-21 13:03:06,198 WARN  [SoapUI] Missing folder [D:\development\workspace-github\TestRulesReapro\ext] for external libraries
2016-12-21 13:03:08,724 INFO  [DefaultSoapUICore] initialized soapui-settings from [D:\development\workspace-github\TestRulesReapro\soapui-settings.xml]
2016-12-21 13:03:40,900 INFO  [WsdlProject] Loaded project from [file:/D:/development/workspace-github/TestRulesReapro/pruebas-soapui-project.xml]
2016-12-21 13:03:40,906 INFO  [SoapUITestCaseRunner] Setting project property [NameInsured] to [IBM]
2016-12-21 13:03:40,932 INFO  [SoapUITestCaseRunner] Running SoapUI tests in project [Pruebas]
2016-12-21 13:03:40,933 INFO  [SoapUITestCaseRunner] Running TestCase [19990 - Invalidez]
2016-12-21 13:03:41,031 INFO  [SoapUITestCaseRunner] Running SoapUI testcase [19990 - Invalidez]
2016-12-21 13:03:41,045 INFO  [SoapUITestCaseRunner] running step [Pension Invalidez - Art. 25a]
2016-12-21 13:03:44,080 INFO  [HttpAuthenticationRequestFilter$UPDCredentialsProvider] brsv2-550aa6d9.ng.bluemix.net:443 requires authentication with the realm 'Default'
2016-12-21 13:03:47,905 INFO  [SoapUITestCaseRunner] Assertion [SOAP Response] has status VALID
2016-12-21 13:03:47,905 INFO  [SoapUITestCaseRunner] Assertion [Contains] has status VALID
2016-12-21 13:03:47,907 INFO  [SoapUITestCaseRunner] running step [Pension Invalidez - Art. 25b]
2016-12-21 13:03:48,082 INFO  [HttpAuthenticationRequestFilter$UPDCredentialsProvider] brsv2-550aa6d9.ng.bluemix.net:443 requires authentication with the realm 'Default'
2016-12-21 13:03:48,896 INFO  [SoapUITestCaseRunner] Assertion [SOAP Response] has status VALID
2016-12-21 13:03:48,896 INFO  [SoapUITestCaseRunner] Assertion [Contains] has status VALID
2016-12-21 13:03:48,897 INFO  [SoapUITestCaseRunner] running step [Pension Invalidez - Art. 25b 1]
2016-12-21 13:03:49,059 INFO  [HttpAuthenticationRequestFilter$UPDCredentialsProvider] brsv2-550aa6d9.ng.bluemix.net:443 requires authentication with the realm 'Default'
2016-12-21 13:03:49,895 INFO  [SoapUITestCaseRunner] Assertion [SOAP Response] has status VALID
2016-12-21 13:03:49,896 INFO  [SoapUITestCaseRunner] Assertion [Contains] has status VALID
2016-12-21 13:03:49,897 INFO  [SoapUITestCaseRunner] running step [Pension Invalidez - Art. 25b - DESA - PALCENT000500001914416]
2016-12-21 13:03:50,072 INFO  [HttpAuthenticationRequestFilter$UPDCredentialsProvider] brsv2-550aa6d9.ng.bluemix.net:443 requires authentication with the realm 'Default'
2016-12-21 13:03:50,814 INFO  [SoapUITestCaseRunner] Assertion [SOAP Response] has status VALID
2016-12-21 13:03:50,815 INFO  [SoapUITestCaseRunner] Assertion [Contains] has status VALID
2016-12-21 13:03:50,818 INFO  [SoapUITestCaseRunner] Finished running SoapUI testcase [19990 - Invalidez], time taken: 9736ms, status: FINISHED
2016-12-21 13:03:50,819 INFO  [SoapUITestCaseRunner] TestCase [19990 - Invalidez] finished with status [FINISHED] in 9736ms
2016-12-21 13:03:51,526 INFO  [WsdlProject] Loaded project from [file:/D:/development/workspace-github/TestRulesReapro/pruebas-soapui-project.xml]
2016-12-21 13:03:51,527 INFO  [SoapUITestCaseRunner] Running SoapUI tests in project [Pruebas]
2016-12-21 13:03:51,527 INFO  [SoapUITestCaseRunner] Running TestCase [19990 - Causante No Pensionista]
2016-12-21 13:03:51,531 INFO  [SoapUITestCaseRunner] Running SoapUI testcase [19990 - Causante No Pensionista]
2016-12-21 13:03:51,532 INFO  [SoapUITestCaseRunner] running step [Causante - Invalidez]
2016-12-21 13:03:51,681 INFO  [HttpAuthenticationRequestFilter$UPDCredentialsProvider] brsv2-550aa6d9.ng.bluemix.net:443 requires authentication with the realm 'Default'
2016-12-21 13:03:52,134 INFO  [SoapUITestCaseRunner] Assertion [SOAP Response] has status VALID
2016-12-21 13:03:52,141 INFO  [SoapUITestCaseRunner] Assertion [Contains] has status VALID
2016-12-21 13:03:52,142 INFO  [SoapUITestCaseRunner] running step [Causante - Invalidez (QA-4491)]
2016-12-21 13:03:52,311 INFO  [HttpAuthenticationRequestFilter$UPDCredentialsProvider] brsv2-550aa6d9.ng.bluemix.net:443 requires authentication with the realm 'Default'
2016-12-21 13:03:52,597 INFO  [SoapUITestCaseRunner] Assertion [SOAP Response] has status VALID
2016-12-21 13:03:52,598 INFO  [SoapUITestCaseRunner] Assertion [Contains] has status VALID
2016-12-21 13:03:52,600 INFO  [SoapUITestCaseRunner] running step [Causante - Invalidez (VVA-4332)]
2016-12-21 13:03:52,757 INFO  [HttpAuthenticationRequestFilter$UPDCredentialsProvider] brsv2-550aa6d9.ng.bluemix.net:443 requires authentication with the realm 'Default'
2016-12-21 13:03:53,027 INFO  [SoapUITestCaseRunner] Assertion [SOAP Response] has status VALID
2016-12-21 13:03:53,027 INFO  [SoapUITestCaseRunner] Assertion [Contains] has status VALID
2016-12-21 13:03:53,027 INFO  [SoapUITestCaseRunner] running step [Causante No Pensionista Viudez - Solicitante]
2016-12-21 13:03:53,188 INFO  [HttpAuthenticationRequestFilter$UPDCredentialsProvider] brsv2-550aa6d9.ng.bluemix.net:443 requires authentication with the realm 'Default'
2016-12-21 13:03:53,647 INFO  [SoapUITestCaseRunner] Assertion [SOAP Response] has status VALID
2016-12-21 13:03:53,659 INFO  [SoapUITestCaseRunner] Assertion [Contains] has status VALID
2016-12-21 13:03:53,659 INFO  [SoapUITestCaseRunner] running step [19990 - Causante No Pensionista Viudez - Causante - Facultativo 415]
2016-12-21 13:03:53,796 INFO  [HttpAuthenticationRequestFilter$UPDCredentialsProvider] brsv2-550aa6d9.ng.bluemix.net:443 requires authentication with the realm 'Default'
2016-12-21 13:03:54,070 INFO  [SoapUITestCaseRunner] Assertion [SOAP Response] has status VALID
2016-12-21 13:03:54,074 INFO  [SoapUITestCaseRunner] running step [19990 - Causante No Pensionista Viudez - Solicitante - Facultativo 415]
2016-12-21 13:03:54,234 INFO  [HttpAuthenticationRequestFilter$UPDCredentialsProvider] brsv2-550aa6d9.ng.bluemix.net:443 requires authentication with the realm 'Default'
2016-12-21 13:03:54,625 INFO  [SoapUITestCaseRunner] Assertion [SOAP Response] has status VALID
2016-12-21 13:03:54,633 INFO  [SoapUITestCaseRunner] Finished running SoapUI testcase [19990 - Causante No Pensionista], time taken: 3053ms, status: FINISHED
2016-12-21 13:03:54,634 INFO  [SoapUITestCaseRunner] TestCase [19990 - Causante No Pensionista] finished with status [FINISHED] in 3053ms
2016-12-21 13:03:55,102 INFO  [WsdlProject] Loaded project from [file:/D:/development/workspace-github/TestRulesReapro/pruebas-soapui-project.xml]
2016-12-21 13:03:55,103 INFO  [SoapUITestCaseRunner] Running SoapUI tests in project [Pruebas]
2016-12-21 13:03:55,103 INFO  [SoapUITestCaseRunner] Running TestCase [19990 - Pension Jubilacion]
2016-12-21 13:03:55,103 INFO  [SoapUITestCaseRunner] Running SoapUI testcase [19990 - Pension Jubilacion]
2016-12-21 13:03:55,106 INFO  [SoapUITestCaseRunner] running step [Pension Jubilacion - Minero Superficie]
2016-12-21 13:03:56,413 INFO  [HttpAuthenticationRequestFilter$UPDCredentialsProvider] brsv2-550aa6d9.ng.bluemix.net:443 requires authentication with the realm 'Default'
2016-12-21 13:03:57,714 INFO  [SoapUITestCaseRunner] Assertion [SOAP Response] has status VALID
2016-12-21 13:03:57,719 INFO  [SoapUITestCaseRunner] Assertion [Contains] has status VALID
2016-12-21 13:03:57,720 INFO  [SoapUITestCaseRunner] running step [Pension Jubilacion - Comun General]
2016-12-21 13:03:57,865 INFO  [HttpAuthenticationRequestFilter$UPDCredentialsProvider] brsv2-550aa6d9.ng.bluemix.net:443 requires authentication with the realm 'Default'
2016-12-21 13:03:58,577 INFO  [SoapUITestCaseRunner] Assertion [SOAP Response] has status VALID
2016-12-21 13:03:58,577 INFO  [SoapUITestCaseRunner] Assertion [Contains] has status VALID
2016-12-21 13:03:58,578 INFO  [SoapUITestCaseRunner] Finished running SoapUI testcase [19990 - Pension Jubilacion], time taken: 3456ms, status: FINISHED
2016-12-21 13:03:58,578 INFO  [SoapUITestCaseRunner] TestCase [19990 - Pension Jubilacion] finished with status [FINISHED] in 3456ms
